
   WARN  Metadata found in doc-comment for method Tests\Feature\IdeaCircuit\MeetingControllerTest::it_can_list_user_meetings(). Metadata in doc-comments is deprecated and will no longer be supported in PHPUnit 12. Update your test code to use attributes instead.

   WARN  Metadata found in doc-comment for method Tests\Feature\IdeaCircuit\MeetingControllerTest::it_can_create_a_meeting(). Metadata in doc-comments is deprecated and will no longer be supported in PHPUnit 12. Update your test code to use attributes instead.

   WARN  Metadata found in doc-comment for method Tests\Feature\IdeaCircuit\MeetingControllerTest::it_can_show_a_meeting(). Metadata in doc-comments is deprecated and will no longer be supported in PHPUnit 12. Update your test code to use attributes instead.

   WARN  Metadata found in doc-comment for method Tests\Feature\IdeaCircuit\MeetingControllerTest::it_can_update_a_meeting(). Metadata in doc-comments is deprecated and will no longer be supported in PHPUnit 12. Update your test code to use attributes instead.

   WARN  Metadata found in doc-comment for method Tests\Feature\IdeaCircuit\MeetingControllerTest::it_can_delete_a_meeting(). Metadata in doc-comments is deprecated and will no longer be supported in PHPUnit 12. Update your test code to use attributes instead.

   WARN  Metadata found in doc-comment for method Tests\Feature\IdeaCircuit\MeetingControllerTest::it_prevents_unauthorized_access(). Metadata in doc-comments is deprecated and will no longer be supported in PHPUnit 12. Update your test code to use attributes instead.

   PASS  Tests\Unit\ExampleTest
  âœ“ that true is true                                                    0.01s  

   PASS  Tests\Unit\Services\TrustScoringServiceTest
  âœ“ calculates default score for empty history                           0.28s  
  âœ“ calculates higher score for successful outcomes                      0.02s  
  âœ“ calculates lower score for failed outcomes                           0.01s  
  âœ“ updates trust score                                                  0.04s  
  âœ“ provides recommendations                                             0.04s  

   PASS  Tests\Feature\Api\AiAgentApiTest
  âœ“ user can register ai agent                                           0.08s  
  âœ“ user can list agents                                                 0.01s  
  âœ“ user can delegate task to agent                                      0.04s  
  âœ“ user can generate claim code                                         0.02s  

   PASS  Tests\Feature\Api\AuthApiTest
  âœ“ user can register                                                    0.02s  
  âœ“ user can login                                                       0.01s  
  âœ“ user can logout                                                      0.01s  
  âœ“ user can get current user                                            0.01s  
  âœ“ registration requires valid email                                    0.02s  
  âœ“ login fails with invalid credentials                                 0.01s  

   PASS  Tests\Feature\Api\IoTDeviceApiTest
  âœ“ user can register iot device                                         0.01s  
  âœ“ user can list devices                                                0.01s  
  âœ“ user can view device                                                 0.01s  
  âœ“ user can generate claim code                                         0.01s  
  âœ“ user can update device capabilities                                  0.01s  

   PASS  Tests\Feature\Api\TasksApiTest
  âœ“ user can list tasks                                                  0.02s  
  âœ“ user can create task                                                 0.02s  
  âœ“ user can view task                                                   0.01s  
  âœ“ user can update task                                                 0.01s  
  âœ“ user can delete task                                                 0.01s  
  âœ“ user can complete task                                               0.02s  
  âœ“ user can assign task                                                 0.01s  
  âœ“ user can export task as tef                                          0.01s  
  âœ“ user cannot access other users tasks                                 0.01s  

   PASS  Tests\Feature\Api\TefApiTest
  âœ“ user can register actor                                              0.02s  
  âœ“ user can view actor                                                  0.01s  
  âœ“ user can create relationship                                         0.01s  
  âœ“ user can get trust score                                             0.01s  
  âœ“ user can recalculate trust score                                     0.01s  

   FAIL  Tests\Feature\Coordinator\AppointmentTest
  â¨¯ can list appointments
  â¨¯ can create appointment
  â¨¯ can get appointment
  â¨¯ can update appointment
  â¨¯ can cancel appointment
  â¨¯ can delete appointment
  â¨¯ can get today appointments

   FAIL  Tests\Feature\Coordinator\CampaignTest
  â¨¯ can list campaigns
  â¨¯ can create campaign
  â¨¯ can start campaign
  â¨¯ can pause campaign
  â¨¯ can get campaign stats

   FAIL  Tests\Feature\Coordinator\ContactTest
  â¨¯ can list contacts
  â¨¯ can search contacts
  â¨¯ can create contact
  â¨¯ can get contact
  â¨¯ can update contact

   FAIL  Tests\Feature\Coordinator\CoordinatorTest
  â¨¯ can list coordinators
  â¨¯ can create coordinator
  â¨¯ can get coordinator
  â¨¯ can update coordinator
  â¨¯ can delete coordinator

   FAIL  Tests\Feature\Coordinator\DashboardTest
  â¨¯ can get dashboard metrics
  â¨¯ can get recent calls
  â¨¯ can get today appointments

   FAIL  Tests\Feature\Coordinator\OrganizationTest
  â¨¯ can list organizations
  â¨¯ can create organization
  â¨¯ can get organization
  â¨¯ can update organization
  â¨¯ cannot access other user organization

   PASS  Tests\Feature\DirectMessagesApiTest
  âœ“ can send direct message                                              0.01s  
  âœ“ can get conversations                                                0.01s  
  âœ“ can get unread count                                                 0.01s  

   PASS  Tests\Feature\ExampleTest
  âœ“ the application returns a successful response                        0.02s  

   PASS  Tests\Feature\IdeaCircuit\MeetingControllerTest
  âœ“ it can list user meetings                                            0.01s  
  âœ“ it can create a meeting                                              0.01s  
  âœ“ it can show a meeting                                                0.01s  
  âœ“ it can update a meeting                                              0.01s  
  âœ“ it can delete a meeting                                              0.01s  
  âœ“ it prevents unauthorized access                                      0.01s  

   PASS  Tests\Feature\TaskMessagesApiTest
  âœ“ can send task message                                                0.02s  
  âœ“ can get task messages                                                0.03s  
  âœ“ can get unread count                                                 0.01s  

   PASS  Tests\Feature\TeamsApiTest
  âœ“ can create team                                                      0.01s  
  âœ“ can list teams                                                       0.01s  
  âœ“ can invite member                                                    0.01s  

   PASS  Tests\Feature\TestResultsApiTest
  âœ“ user can get latest test results                                     0.01s  
  âœ“ user can list all test results                                       0.01s  
  âœ“ user can analyze test results                                        0.01s  
  â”€â”€â”€â”€â”€â”€â”€â”€â”€â”€â”€â”€â”€â”€â”€â”€â”€â”€â”€â”€â”€â”€â”€â”€â”€â”€â”€â”€â”€â”€â”€â”€â”€â”€â”€â”€â”€â”€â”€â”€â”€â”€â”€â”€â”€â”€â”€â”€â”€â”€â”€â”€â”€â”€â”€â”€â”€â”€â”€â”€â”€â”€â”€â”€â”€â”€â”€â”€â”€â”€â”€â”€â”€â”€â”€â”€  
   FAILED  Tests\Feature\Coordinator\AppointmentTest > can list appoiâ€¦  Error   
  Class "Database\Factories\Modules\Coordinator\Models\OrganizationFactory" not found

  at vendor/laravel/framework/src/Illuminate/Database/Eloquent/Factories/Factory.php:950
    946â–•     public static function factoryForModel(string $modelName)
    947â–•     {
    948â–•         $factory = static::resolveFactoryName($modelName);
    949â–• 
  âžœ 950â–•         return $factory::new();
    951â–•     }
    952â–• 
    953â–•     /**
    954â–•      * Specify the callback that should be invoked to guess factory names based on dynamic relationship names.

      [2m+2 vendor frames [22m
  3   tests/Feature/Coordinator/AppointmentTest.php:26

  â”€â”€â”€â”€â”€â”€â”€â”€â”€â”€â”€â”€â”€â”€â”€â”€â”€â”€â”€â”€â”€â”€â”€â”€â”€â”€â”€â”€â”€â”€â”€â”€â”€â”€â”€â”€â”€â”€â”€â”€â”€â”€â”€â”€â”€â”€â”€â”€â”€â”€â”€â”€â”€â”€â”€â”€â”€â”€â”€â”€â”€â”€â”€â”€â”€â”€â”€â”€â”€â”€â”€â”€â”€â”€â”€â”€  
   FAILED  Tests\Feature\Coordinator\AppointmentTest > can create appâ€¦  Error   
  Class "Database\Factories\Modules\Coordinator\Models\OrganizationFactory" not found

  at vendor/laravel/framework/src/Illuminate/Database/Eloquent/Factories/Factory.php:950
    946â–•     public static function factoryForModel(string $modelName)
    947â–•     {
    948â–•         $factory = static::resolveFactoryName($modelName);
    949â–• 
  âžœ 950â–•         return $factory::new();
    951â–•     }
    952â–• 
    953â–•     /**
    954â–•      * Specify the callback that should be invoked to guess factory names based on dynamic relationship names.

      [2m+2 vendor frames [22m
  3   tests/Feature/Coordinator/AppointmentTest.php:26

  â”€â”€â”€â”€â”€â”€â”€â”€â”€â”€â”€â”€â”€â”€â”€â”€â”€â”€â”€â”€â”€â”€â”€â”€â”€â”€â”€â”€â”€â”€â”€â”€â”€â”€â”€â”€â”€â”€â”€â”€â”€â”€â”€â”€â”€â”€â”€â”€â”€â”€â”€â”€â”€â”€â”€â”€â”€â”€â”€â”€â”€â”€â”€â”€â”€â”€â”€â”€â”€â”€â”€â”€â”€â”€â”€â”€  
   FAILED  Tests\Feature\Coordinator\AppointmentTest > can get appoinâ€¦  Error   
  Class "Database\Factories\Modules\Coordinator\Models\OrganizationFactory" not found

  at vendor/laravel/framework/src/Illuminate/Database/Eloquent/Factories/Factory.php:950
    946â–•     public static function factoryForModel(string $modelName)
    947â–•     {
    948â–•         $factory = static::resolveFactoryName($modelName);
    949â–• 
  âžœ 950â–•         return $factory::new();
    951â–•     }
    952â–• 
    953â–•     /**
    954â–•      * Specify the callback that should be invoked to guess factory names based on dynamic relationship names.

      [2m+2 vendor frames [22m
  3   tests/Feature/Coordinator/AppointmentTest.php:26

  â”€â”€â”€â”€â”€â”€â”€â”€â”€â”€â”€â”€â”€â”€â”€â”€â”€â”€â”€â”€â”€â”€â”€â”€â”€â”€â”€â”€â”€â”€â”€â”€â”€â”€â”€â”€â”€â”€â”€â”€â”€â”€â”€â”€â”€â”€â”€â”€â”€â”€â”€â”€â”€â”€â”€â”€â”€â”€â”€â”€â”€â”€â”€â”€â”€â”€â”€â”€â”€â”€â”€â”€â”€â”€â”€â”€  
   FAILED  Tests\Feature\Coordinator\AppointmentTest > can update appâ€¦  Error   
  Class "Database\Factories\Modules\Coordinator\Models\OrganizationFactory" not found

  at vendor/laravel/framework/src/Illuminate/Database/Eloquent/Factories/Factory.php:950
    946â–•     public static function factoryForModel(string $modelName)
    947â–•     {
    948â–•         $factory = static::resolveFactoryName($modelName);
    949â–• 
  âžœ 950â–•         return $factory::new();
    951â–•     }
    952â–• 
    953â–•     /**
    954â–•      * Specify the callback that should be invoked to guess factory names based on dynamic relationship names.

      [2m+2 vendor frames [22m
  3   tests/Feature/Coordinator/AppointmentTest.php:26

  â”€â”€â”€â”€â”€â”€â”€â”€â”€â”€â”€â”€â”€â”€â”€â”€â”€â”€â”€â”€â”€â”€â”€â”€â”€â”€â”€â”€â”€â”€â”€â”€â”€â”€â”€â”€â”€â”€â”€â”€â”€â”€â”€â”€â”€â”€â”€â”€â”€â”€â”€â”€â”€â”€â”€â”€â”€â”€â”€â”€â”€â”€â”€â”€â”€â”€â”€â”€â”€â”€â”€â”€â”€â”€â”€â”€  
   FAILED  Tests\Feature\Coordinator\AppointmentTest > can cancel appâ€¦  Error   
  Class "Database\Factories\Modules\Coordinator\Models\OrganizationFactory" not found

  at vendor/laravel/framework/src/Illuminate/Database/Eloquent/Factories/Factory.php:950
    946â–•     public static function factoryForModel(string $modelName)
    947â–•     {
    948â–•         $factory = static::resolveFactoryName($modelName);
    949â–• 
  âžœ 950â–•         return $factory::new();
    951â–•     }
    952â–• 
    953â–•     /**
    954â–•      * Specify the callback that should be invoked to guess factory names based on dynamic relationship names.

      [2m+2 vendor frames [22m
  3   tests/Feature/Coordinator/AppointmentTest.php:26

  â”€â”€â”€â”€â”€â”€â”€â”€â”€â”€â”€â”€â”€â”€â”€â”€â”€â”€â”€â”€â”€â”€â”€â”€â”€â”€â”€â”€â”€â”€â”€â”€â”€â”€â”€â”€â”€â”€â”€â”€â”€â”€â”€â”€â”€â”€â”€â”€â”€â”€â”€â”€â”€â”€â”€â”€â”€â”€â”€â”€â”€â”€â”€â”€â”€â”€â”€â”€â”€â”€â”€â”€â”€â”€â”€â”€  
   FAILED  Tests\Feature\Coordinator\AppointmentTest > can delete appâ€¦  Error   
  Class "Database\Factories\Modules\Coordinator\Models\OrganizationFactory" not found

  at vendor/laravel/framework/src/Illuminate/Database/Eloquent/Factories/Factory.php:950
    946â–•     public static function factoryForModel(string $modelName)
    947â–•     {
    948â–•         $factory = static::resolveFactoryName($modelName);
    949â–• 
  âžœ 950â–•         return $factory::new();
    951â–•     }
    952â–• 
    953â–•     /**
    954â–•      * Specify the callback that should be invoked to guess factory names based on dynamic relationship names.

      [2m+2 vendor frames [22m
  3   tests/Feature/Coordinator/AppointmentTest.php:26

  â”€â”€â”€â”€â”€â”€â”€â”€â”€â”€â”€â”€â”€â”€â”€â”€â”€â”€â”€â”€â”€â”€â”€â”€â”€â”€â”€â”€â”€â”€â”€â”€â”€â”€â”€â”€â”€â”€â”€â”€â”€â”€â”€â”€â”€â”€â”€â”€â”€â”€â”€â”€â”€â”€â”€â”€â”€â”€â”€â”€â”€â”€â”€â”€â”€â”€â”€â”€â”€â”€â”€â”€â”€â”€â”€â”€  
   FAILED  Tests\Feature\Coordinator\AppointmentTest > can get todayâ€¦   Error   
  Class "Database\Factories\Modules\Coordinator\Models\OrganizationFactory" not found

  at vendor/laravel/framework/src/Illuminate/Database/Eloquent/Factories/Factory.php:950
    946â–•     public static function factoryForModel(string $modelName)
    947â–•     {
    948â–•         $factory = static::resolveFactoryName($modelName);
    949â–• 
  âžœ 950â–•         return $factory::new();
    951â–•     }
    952â–• 
    953â–•     /**
    954â–•      * Specify the callback that should be invoked to guess factory names based on dynamic relationship names.

      [2m+2 vendor frames [22m
  3   tests/Feature/Coordinator/AppointmentTest.php:26

  â”€â”€â”€â”€â”€â”€â”€â”€â”€â”€â”€â”€â”€â”€â”€â”€â”€â”€â”€â”€â”€â”€â”€â”€â”€â”€â”€â”€â”€â”€â”€â”€â”€â”€â”€â”€â”€â”€â”€â”€â”€â”€â”€â”€â”€â”€â”€â”€â”€â”€â”€â”€â”€â”€â”€â”€â”€â”€â”€â”€â”€â”€â”€â”€â”€â”€â”€â”€â”€â”€â”€â”€â”€â”€â”€â”€  
   FAILED  Tests\Feature\Coordinator\CampaignTest > can list campaignâ€¦  Error   
  Class "Database\Factories\Modules\Coordinator\Models\OrganizationFactory" not found

  at vendor/laravel/framework/src/Illuminate/Database/Eloquent/Factories/Factory.php:950
    946â–•     public static function factoryForModel(string $modelName)
    947â–•     {
    948â–•         $factory = static::resolveFactoryName($modelName);
    949â–• 
  âžœ 950â–•         return $factory::new();
    951â–•     }
    952â–• 
    953â–•     /**
    954â–•      * Specify the callback that should be invoked to guess factory names based on dynamic relationship names.

      [2m+2 vendor frames [22m
  3   tests/Feature/Coordinator/CampaignTest.php:24

  â”€â”€â”€â”€â”€â”€â”€â”€â”€â”€â”€â”€â”€â”€â”€â”€â”€â”€â”€â”€â”€â”€â”€â”€â”€â”€â”€â”€â”€â”€â”€â”€â”€â”€â”€â”€â”€â”€â”€â”€â”€â”€â”€â”€â”€â”€â”€â”€â”€â”€â”€â”€â”€â”€â”€â”€â”€â”€â”€â”€â”€â”€â”€â”€â”€â”€â”€â”€â”€â”€â”€â”€â”€â”€â”€â”€  
   FAILED  Tests\Feature\Coordinator\CampaignTest > can create campaiâ€¦  Error   
  Class "Database\Factories\Modules\Coordinator\Models\OrganizationFactory" not found

  at vendor/laravel/framework/src/Illuminate/Database/Eloquent/Factories/Factory.php:950
    946â–•     public static function factoryForModel(string $modelName)
    947â–•     {
    948â–•         $factory = static::resolveFactoryName($modelName);
    949â–• 
  âžœ 950â–•         return $factory::new();
    951â–•     }
    952â–• 
    953â–•     /**
    954â–•      * Specify the callback that should be invoked to guess factory names based on dynamic relationship names.

      [2m+2 vendor frames [22m
  3   tests/Feature/Coordinator/CampaignTest.php:24

  â”€â”€â”€â”€â”€â”€â”€â”€â”€â”€â”€â”€â”€â”€â”€â”€â”€â”€â”€â”€â”€â”€â”€â”€â”€â”€â”€â”€â”€â”€â”€â”€â”€â”€â”€â”€â”€â”€â”€â”€â”€â”€â”€â”€â”€â”€â”€â”€â”€â”€â”€â”€â”€â”€â”€â”€â”€â”€â”€â”€â”€â”€â”€â”€â”€â”€â”€â”€â”€â”€â”€â”€â”€â”€â”€â”€  
   FAILED  Tests\Feature\Coordinator\CampaignTest > can start campaigâ€¦  Error   
  Class "Database\Factories\Modules\Coordinator\Models\OrganizationFactory" not found

  at vendor/laravel/framework/src/Illuminate/Database/Eloquent/Factories/Factory.php:950
    946â–•     public static function factoryForModel(string $modelName)
    947â–•     {
    948â–•         $factory = static::resolveFactoryName($modelName);
    949â–• 
  âžœ 950â–•         return $factory::new();
    951â–•     }
    952â–• 
    953â–•     /**
    954â–•      * Specify the callback that should be invoked to guess factory names based on dynamic relationship names.

      [2m+2 vendor frames [22m
  3   tests/Feature/Coordinator/CampaignTest.php:24

  â”€â”€â”€â”€â”€â”€â”€â”€â”€â”€â”€â”€â”€â”€â”€â”€â”€â”€â”€â”€â”€â”€â”€â”€â”€â”€â”€â”€â”€â”€â”€â”€â”€â”€â”€â”€â”€â”€â”€â”€â”€â”€â”€â”€â”€â”€â”€â”€â”€â”€â”€â”€â”€â”€â”€â”€â”€â”€â”€â”€â”€â”€â”€â”€â”€â”€â”€â”€â”€â”€â”€â”€â”€â”€â”€â”€  
   FAILED  Tests\Feature\Coordinator\CampaignTest > can pause campaigâ€¦  Error   
  Class "Database\Factories\Modules\Coordinator\Models\OrganizationFactory" not found

  at vendor/laravel/framework/src/Illuminate/Database/Eloquent/Factories/Factory.php:950
    946â–•     public static function factoryForModel(string $modelName)
    947â–•     {
    948â–•         $factory = static::resolveFactoryName($modelName);
    949â–• 
  âžœ 950â–•         return $factory::new();
    951â–•     }
    952â–• 
    953â–•     /**
    954â–•      * Specify the callback that should be invoked to guess factory names based on dynamic relationship names.

      [2m+2 vendor frames [22m
  3   tests/Feature/Coordinator/CampaignTest.php:24

  â”€â”€â”€â”€â”€â”€â”€â”€â”€â”€â”€â”€â”€â”€â”€â”€â”€â”€â”€â”€â”€â”€â”€â”€â”€â”€â”€â”€â”€â”€â”€â”€â”€â”€â”€â”€â”€â”€â”€â”€â”€â”€â”€â”€â”€â”€â”€â”€â”€â”€â”€â”€â”€â”€â”€â”€â”€â”€â”€â”€â”€â”€â”€â”€â”€â”€â”€â”€â”€â”€â”€â”€â”€â”€â”€â”€  
   FAILED  Tests\Feature\Coordinator\CampaignTest > can get campaignâ€¦   Error   
  Class "Database\Factories\Modules\Coordinator\Models\OrganizationFactory" not found

  at vendor/laravel/framework/src/Illuminate/Database/Eloquent/Factories/Factory.php:950
    946â–•     public static function factoryForModel(string $modelName)
    947â–•     {
    948â–•         $factory = static::resolveFactoryName($modelName);
    949â–• 
  âžœ 950â–•         return $factory::new();
    951â–•     }
    952â–• 
    953â–•     /**
    954â–•      * Specify the callback that should be invoked to guess factory names based on dynamic relationship names.

      [2m+2 vendor frames [22m
  3   tests/Feature/Coordinator/CampaignTest.php:24

  â”€â”€â”€â”€â”€â”€â”€â”€â”€â”€â”€â”€â”€â”€â”€â”€â”€â”€â”€â”€â”€â”€â”€â”€â”€â”€â”€â”€â”€â”€â”€â”€â”€â”€â”€â”€â”€â”€â”€â”€â”€â”€â”€â”€â”€â”€â”€â”€â”€â”€â”€â”€â”€â”€â”€â”€â”€â”€â”€â”€â”€â”€â”€â”€â”€â”€â”€â”€â”€â”€â”€â”€â”€â”€â”€â”€  
   FAILED  Tests\Feature\Coordinator\ContactTest > can list contacts    Error   
  Class "Database\Factories\Modules\Coordinator\Models\OrganizationFactory" not found

  at vendor/laravel/framework/src/Illuminate/Database/Eloquent/Factories/Factory.php:950
    946â–•     public static function factoryForModel(string $modelName)
    947â–•     {
    948â–•         $factory = static::resolveFactoryName($modelName);
    949â–• 
  âžœ 950â–•         return $factory::new();
    951â–•     }
    952â–• 
    953â–•     /**
    954â–•      * Specify the callback that should be invoked to guess factory names based on dynamic relationship names.

      [2m+2 vendor frames [22m
  3   tests/Feature/Coordinator/ContactTest.php:24

  â”€â”€â”€â”€â”€â”€â”€â”€â”€â”€â”€â”€â”€â”€â”€â”€â”€â”€â”€â”€â”€â”€â”€â”€â”€â”€â”€â”€â”€â”€â”€â”€â”€â”€â”€â”€â”€â”€â”€â”€â”€â”€â”€â”€â”€â”€â”€â”€â”€â”€â”€â”€â”€â”€â”€â”€â”€â”€â”€â”€â”€â”€â”€â”€â”€â”€â”€â”€â”€â”€â”€â”€â”€â”€â”€â”€  
   FAILED  Tests\Feature\Coordinator\ContactTest > can search contactâ€¦  Error   
  Class "Database\Factories\Modules\Coordinator\Models\OrganizationFactory" not found

  at vendor/laravel/framework/src/Illuminate/Database/Eloquent/Factories/Factory.php:950
    946â–•     public static function factoryForModel(string $modelName)
    947â–•     {
    948â–•         $factory = static::resolveFactoryName($modelName);
    949â–• 
  âžœ 950â–•         return $factory::new();
    951â–•     }
    952â–• 
    953â–•     /**
    954â–•      * Specify the callback that should be invoked to guess factory names based on dynamic relationship names.

      [2m+2 vendor frames [22m
  3   tests/Feature/Coordinator/ContactTest.php:24

  â”€â”€â”€â”€â”€â”€â”€â”€â”€â”€â”€â”€â”€â”€â”€â”€â”€â”€â”€â”€â”€â”€â”€â”€â”€â”€â”€â”€â”€â”€â”€â”€â”€â”€â”€â”€â”€â”€â”€â”€â”€â”€â”€â”€â”€â”€â”€â”€â”€â”€â”€â”€â”€â”€â”€â”€â”€â”€â”€â”€â”€â”€â”€â”€â”€â”€â”€â”€â”€â”€â”€â”€â”€â”€â”€â”€  
   FAILED  Tests\Feature\Coordinator\ContactTest > can create contact   Error   
  Class "Database\Factories\Modules\Coordinator\Models\OrganizationFactory" not found

  at vendor/laravel/framework/src/Illuminate/Database/Eloquent/Factories/Factory.php:950
    946â–•     public static function factoryForModel(string $modelName)
    947â–•     {
    948â–•         $factory = static::resolveFactoryName($modelName);
    949â–• 
  âžœ 950â–•         return $factory::new();
    951â–•     }
    952â–• 
    953â–•     /**
    954â–•      * Specify the callback that should be invoked to guess factory names based on dynamic relationship names.

      [2m+2 vendor frames [22m
  3   tests/Feature/Coordinator/ContactTest.php:24

  â”€â”€â”€â”€â”€â”€â”€â”€â”€â”€â”€â”€â”€â”€â”€â”€â”€â”€â”€â”€â”€â”€â”€â”€â”€â”€â”€â”€â”€â”€â”€â”€â”€â”€â”€â”€â”€â”€â”€â”€â”€â”€â”€â”€â”€â”€â”€â”€â”€â”€â”€â”€â”€â”€â”€â”€â”€â”€â”€â”€â”€â”€â”€â”€â”€â”€â”€â”€â”€â”€â”€â”€â”€â”€â”€â”€  
   FAILED  Tests\Feature\Coordinator\ContactTest > can get contact      Error   
  Class "Database\Factories\Modules\Coordinator\Models\OrganizationFactory" not found

  at vendor/laravel/framework/src/Illuminate/Database/Eloquent/Factories/Factory.php:950
    946â–•     public static function factoryForModel(string $modelName)
    947â–•     {
    948â–•         $factory = static::resolveFactoryName($modelName);
    949â–• 
  âžœ 950â–•         return $factory::new();
    951â–•     }
    952â–• 
    953â–•     /**
    954â–•      * Specify the callback that should be invoked to guess factory names based on dynamic relationship names.

      [2m+2 vendor frames [22m
  3   tests/Feature/Coordinator/ContactTest.php:24

  â”€â”€â”€â”€â”€â”€â”€â”€â”€â”€â”€â”€â”€â”€â”€â”€â”€â”€â”€â”€â”€â”€â”€â”€â”€â”€â”€â”€â”€â”€â”€â”€â”€â”€â”€â”€â”€â”€â”€â”€â”€â”€â”€â”€â”€â”€â”€â”€â”€â”€â”€â”€â”€â”€â”€â”€â”€â”€â”€â”€â”€â”€â”€â”€â”€â”€â”€â”€â”€â”€â”€â”€â”€â”€â”€â”€  
   FAILED  Tests\Feature\Coordinator\ContactTest > can update contact   Error   
  Class "Database\Factories\Modules\Coordinator\Models\OrganizationFactory" not found

  at vendor/laravel/framework/src/Illuminate/Database/Eloquent/Factories/Factory.php:950
    946â–•     public static function factoryForModel(string $modelName)
    947â–•     {
    948â–•         $factory = static::resolveFactoryName($modelName);
    949â–• 
  âžœ 950â–•         return $factory::new();
    951â–•     }
    952â–• 
    953â–•     /**
    954â–•      * Specify the callback that should be invoked to guess factory names based on dynamic relationship names.

      [2m+2 vendor frames [22m
  3   tests/Feature/Coordinator/ContactTest.php:24

  â”€â”€â”€â”€â”€â”€â”€â”€â”€â”€â”€â”€â”€â”€â”€â”€â”€â”€â”€â”€â”€â”€â”€â”€â”€â”€â”€â”€â”€â”€â”€â”€â”€â”€â”€â”€â”€â”€â”€â”€â”€â”€â”€â”€â”€â”€â”€â”€â”€â”€â”€â”€â”€â”€â”€â”€â”€â”€â”€â”€â”€â”€â”€â”€â”€â”€â”€â”€â”€â”€â”€â”€â”€â”€â”€â”€  
   FAILED  Tests\Feature\Coordinator\CoordinatorTest > can list coordâ€¦  Error   
  Class "Database\Factories\Modules\Coordinator\Models\OrganizationFactory" not found

  at vendor/laravel/framework/src/Illuminate/Database/Eloquent/Factories/Factory.php:950
    946â–•     public static function factoryForModel(string $modelName)
    947â–•     {
    948â–•         $factory = static::resolveFactoryName($modelName);
    949â–• 
  âžœ 950â–•         return $factory::new();
    951â–•     }
    952â–• 
    953â–•     /**
    954â–•      * Specify the callback that should be invoked to guess factory names based on dynamic relationship names.

      [2m+2 vendor frames [22m
  3   tests/Feature/Coordinator/CoordinatorTest.php:24

  â”€â”€â”€â”€â”€â”€â”€â”€â”€â”€â”€â”€â”€â”€â”€â”€â”€â”€â”€â”€â”€â”€â”€â”€â”€â”€â”€â”€â”€â”€â”€â”€â”€â”€â”€â”€â”€â”€â”€â”€â”€â”€â”€â”€â”€â”€â”€â”€â”€â”€â”€â”€â”€â”€â”€â”€â”€â”€â”€â”€â”€â”€â”€â”€â”€â”€â”€â”€â”€â”€â”€â”€â”€â”€â”€â”€  
   FAILED  Tests\Feature\Coordinator\CoordinatorTest > can create cooâ€¦  Error   
  Class "Database\Factories\Modules\Coordinator\Models\OrganizationFactory" not found

  at vendor/laravel/framework/src/Illuminate/Database/Eloquent/Factories/Factory.php:950
    946â–•     public static function factoryForModel(string $modelName)
    947â–•     {
    948â–•         $factory = static::resolveFactoryName($modelName);
    949â–• 
  âžœ 950â–•         return $factory::new();
    951â–•     }
    952â–• 
    953â–•     /**
    954â–•      * Specify the callback that should be invoked to guess factory names based on dynamic relationship names.

      [2m+2 vendor frames [22m
  3   tests/Feature/Coordinator/CoordinatorTest.php:24

  â”€â”€â”€â”€â”€â”€â”€â”€â”€â”€â”€â”€â”€â”€â”€â”€â”€â”€â”€â”€â”€â”€â”€â”€â”€â”€â”€â”€â”€â”€â”€â”€â”€â”€â”€â”€â”€â”€â”€â”€â”€â”€â”€â”€â”€â”€â”€â”€â”€â”€â”€â”€â”€â”€â”€â”€â”€â”€â”€â”€â”€â”€â”€â”€â”€â”€â”€â”€â”€â”€â”€â”€â”€â”€â”€â”€  
   FAILED  Tests\Feature\Coordinator\CoordinatorTest > can get coordiâ€¦  Error   
  Class "Database\Factories\Modules\Coordinator\Models\OrganizationFactory" not found

  at vendor/laravel/framework/src/Illuminate/Database/Eloquent/Factories/Factory.php:950
    946â–•     public static function factoryForModel(string $modelName)
    947â–•     {
    948â–•         $factory = static::resolveFactoryName($modelName);
    949â–• 
  âžœ 950â–•         return $factory::new();
    951â–•     }
    952â–• 
    953â–•     /**
    954â–•      * Specify the callback that should be invoked to guess factory names based on dynamic relationship names.

      [2m+2 vendor frames [22m
  3   tests/Feature/Coordinator/CoordinatorTest.php:24

  â”€â”€â”€â”€â”€â”€â”€â”€â”€â”€â”€â”€â”€â”€â”€â”€â”€â”€â”€â”€â”€â”€â”€â”€â”€â”€â”€â”€â”€â”€â”€â”€â”€â”€â”€â”€â”€â”€â”€â”€â”€â”€â”€â”€â”€â”€â”€â”€â”€â”€â”€â”€â”€â”€â”€â”€â”€â”€â”€â”€â”€â”€â”€â”€â”€â”€â”€â”€â”€â”€â”€â”€â”€â”€â”€â”€  
   FAILED  Tests\Feature\Coordinator\CoordinatorTest > can update cooâ€¦  Error   
  Class "Database\Factories\Modules\Coordinator\Models\OrganizationFactory" not found

  at vendor/laravel/framework/src/Illuminate/Database/Eloquent/Factories/Factory.php:950
    946â–•     public static function factoryForModel(string $modelName)
    947â–•     {
    948â–•         $factory = static::resolveFactoryName($modelName);
    949â–• 
  âžœ 950â–•         return $factory::new();
    951â–•     }
    952â–• 
    953â–•     /**
    954â–•      * Specify the callback that should be invoked to guess factory names based on dynamic relationship names.

      [2m+2 vendor frames [22m
  3   tests/Feature/Coordinator/CoordinatorTest.php:24

  â”€â”€â”€â”€â”€â”€â”€â”€â”€â”€â”€â”€â”€â”€â”€â”€â”€â”€â”€â”€â”€â”€â”€â”€â”€â”€â”€â”€â”€â”€â”€â”€â”€â”€â”€â”€â”€â”€â”€â”€â”€â”€â”€â”€â”€â”€â”€â”€â”€â”€â”€â”€â”€â”€â”€â”€â”€â”€â”€â”€â”€â”€â”€â”€â”€â”€â”€â”€â”€â”€â”€â”€â”€â”€â”€â”€  
   FAILED  Tests\Feature\Coordinator\CoordinatorTest > can delete cooâ€¦  Error   
  Class "Database\Factories\Modules\Coordinator\Models\OrganizationFactory" not found

  at vendor/laravel/framework/src/Illuminate/Database/Eloquent/Factories/Factory.php:950
    946â–•     public static function factoryForModel(string $modelName)
    947â–•     {
    948â–•         $factory = static::resolveFactoryName($modelName);
    949â–• 
  âžœ 950â–•         return $factory::new();
    951â–•     }
    952â–• 
    953â–•     /**
    954â–•      * Specify the callback that should be invoked to guess factory names based on dynamic relationship names.

      [2m+2 vendor frames [22m
  3   tests/Feature/Coordinator/CoordinatorTest.php:24

  â”€â”€â”€â”€â”€â”€â”€â”€â”€â”€â”€â”€â”€â”€â”€â”€â”€â”€â”€â”€â”€â”€â”€â”€â”€â”€â”€â”€â”€â”€â”€â”€â”€â”€â”€â”€â”€â”€â”€â”€â”€â”€â”€â”€â”€â”€â”€â”€â”€â”€â”€â”€â”€â”€â”€â”€â”€â”€â”€â”€â”€â”€â”€â”€â”€â”€â”€â”€â”€â”€â”€â”€â”€â”€â”€â”€  
   FAILED  Tests\Feature\Coordinator\DashboardTest > can get dashboarâ€¦  Error   
  Class "Database\Factories\Modules\Coordinator\Models\OrganizationFactory" not found

  at vendor/laravel/framework/src/Illuminate/Database/Eloquent/Factories/Factory.php:950
    946â–•     public static function factoryForModel(string $modelName)
    947â–•     {
    948â–•         $factory = static::resolveFactoryName($modelName);
    949â–• 
  âžœ 950â–•         return $factory::new();
    951â–•     }
    952â–• 
    953â–•     /**
    954â–•      * Specify the callback that should be invoked to guess factory names based on dynamic relationship names.

      [2m+2 vendor frames [22m
  3   tests/Feature/Coordinator/DashboardTest.php:26

  â”€â”€â”€â”€â”€â”€â”€â”€â”€â”€â”€â”€â”€â”€â”€â”€â”€â”€â”€â”€â”€â”€â”€â”€â”€â”€â”€â”€â”€â”€â”€â”€â”€â”€â”€â”€â”€â”€â”€â”€â”€â”€â”€â”€â”€â”€â”€â”€â”€â”€â”€â”€â”€â”€â”€â”€â”€â”€â”€â”€â”€â”€â”€â”€â”€â”€â”€â”€â”€â”€â”€â”€â”€â”€â”€â”€  
   FAILED  Tests\Feature\Coordinator\DashboardTest > can get recent câ€¦  Error   
  Class "Database\Factories\Modules\Coordinator\Models\OrganizationFactory" not found

  at vendor/laravel/framework/src/Illuminate/Database/Eloquent/Factories/Factory.php:950
    946â–•     public static function factoryForModel(string $modelName)
    947â–•     {
    948â–•         $factory = static::resolveFactoryName($modelName);
    949â–• 
  âžœ 950â–•         return $factory::new();
    951â–•     }
    952â–• 
    953â–•     /**
    954â–•      * Specify the callback that should be invoked to guess factory names based on dynamic relationship names.

      [2m+2 vendor frames [22m
  3   tests/Feature/Coordinator/DashboardTest.php:26

  â”€â”€â”€â”€â”€â”€â”€â”€â”€â”€â”€â”€â”€â”€â”€â”€â”€â”€â”€â”€â”€â”€â”€â”€â”€â”€â”€â”€â”€â”€â”€â”€â”€â”€â”€â”€â”€â”€â”€â”€â”€â”€â”€â”€â”€â”€â”€â”€â”€â”€â”€â”€â”€â”€â”€â”€â”€â”€â”€â”€â”€â”€â”€â”€â”€â”€â”€â”€â”€â”€â”€â”€â”€â”€â”€â”€  
   FAILED  Tests\Feature\Coordinator\DashboardTest > can get today apâ€¦  Error   
  Class "Database\Factories\Modules\Coordinator\Models\OrganizationFactory" not found

  at vendor/laravel/framework/src/Illuminate/Database/Eloquent/Factories/Factory.php:950
    946â–•     public static function factoryForModel(string $modelName)
    947â–•     {
    948â–•         $factory = static::resolveFactoryName($modelName);
    949â–• 
  âžœ 950â–•         return $factory::new();
    951â–•     }
    952â–• 
    953â–•     /**
    954â–•      * Specify the callback that should be invoked to guess factory names based on dynamic relationship names.

      [2m+2 vendor frames [22m
  3   tests/Feature/Coordinator/DashboardTest.php:26

  â”€â”€â”€â”€â”€â”€â”€â”€â”€â”€â”€â”€â”€â”€â”€â”€â”€â”€â”€â”€â”€â”€â”€â”€â”€â”€â”€â”€â”€â”€â”€â”€â”€â”€â”€â”€â”€â”€â”€â”€â”€â”€â”€â”€â”€â”€â”€â”€â”€â”€â”€â”€â”€â”€â”€â”€â”€â”€â”€â”€â”€â”€â”€â”€â”€â”€â”€â”€â”€â”€â”€â”€â”€â”€â”€â”€  
   FAILED  Tests\Feature\Coordinator\OrganizationTest > can listâ€¦   TypeError   
  Cannot assign null to property Tests\Feature\Coordinator\OrganizationTest::$token of type string

  at tests/Feature/Coordinator/OrganizationTest.php:26
     22â–•         $response = $this->postJson('/api/auth/login', [
     23â–•             'email' => $this->user->email,
     24â–•             'password' => 'password',
     25â–•         ]);
  âžœ  26â–•         $this->token = $response->json('token');
     27â–•     }
     28â–• 
     29â–•     public function test_can_list_organizations(): void
     30â–•     {

  1   tests/Feature/Coordinator/OrganizationTest.php:26

  â”€â”€â”€â”€â”€â”€â”€â”€â”€â”€â”€â”€â”€â”€â”€â”€â”€â”€â”€â”€â”€â”€â”€â”€â”€â”€â”€â”€â”€â”€â”€â”€â”€â”€â”€â”€â”€â”€â”€â”€â”€â”€â”€â”€â”€â”€â”€â”€â”€â”€â”€â”€â”€â”€â”€â”€â”€â”€â”€â”€â”€â”€â”€â”€â”€â”€â”€â”€â”€â”€â”€â”€â”€â”€â”€â”€  
   FAILED  Tests\Feature\Coordinator\OrganizationTest > can creatâ€¦  TypeError   
  Cannot assign null to property Tests\Feature\Coordinator\OrganizationTest::$token of type string

  at tests/Feature/Coordinator/OrganizationTest.php:26
     22â–•         $response = $this->postJson('/api/auth/login', [
     23â–•             'email' => $this->user->email,
     24â–•             'password' => 'password',
     25â–•         ]);
  âžœ  26â–•         $this->token = $response->json('token');
     27â–•     }
     28â–• 
     29â–•     public function test_can_list_organizations(): void
     30â–•     {

  1   tests/Feature/Coordinator/OrganizationTest.php:26

  â”€â”€â”€â”€â”€â”€â”€â”€â”€â”€â”€â”€â”€â”€â”€â”€â”€â”€â”€â”€â”€â”€â”€â”€â”€â”€â”€â”€â”€â”€â”€â”€â”€â”€â”€â”€â”€â”€â”€â”€â”€â”€â”€â”€â”€â”€â”€â”€â”€â”€â”€â”€â”€â”€â”€â”€â”€â”€â”€â”€â”€â”€â”€â”€â”€â”€â”€â”€â”€â”€â”€â”€â”€â”€â”€â”€  
   FAILED  Tests\Feature\Coordinator\OrganizationTest > can get oâ€¦  TypeError   
  Cannot assign null to property Tests\Feature\Coordinator\OrganizationTest::$token of type string

  at tests/Feature/Coordinator/OrganizationTest.php:26
     22â–•         $response = $this->postJson('/api/auth/login', [
     23â–•             'email' => $this->user->email,
     24â–•             'password' => 'password',
     25â–•         ]);
  âžœ  26â–•         $this->token = $response->json('token');
     27â–•     }
     28â–• 
     29â–•     public function test_can_list_organizations(): void
     30â–•     {

  1   tests/Feature/Coordinator/OrganizationTest.php:26

  â”€â”€â”€â”€â”€â”€â”€â”€â”€â”€â”€â”€â”€â”€â”€â”€â”€â”€â”€â”€â”€â”€â”€â”€â”€â”€â”€â”€â”€â”€â”€â”€â”€â”€â”€â”€â”€â”€â”€â”€â”€â”€â”€â”€â”€â”€â”€â”€â”€â”€â”€â”€â”€â”€â”€â”€â”€â”€â”€â”€â”€â”€â”€â”€â”€â”€â”€â”€â”€â”€â”€â”€â”€â”€â”€â”€  
   FAILED  Tests\Feature\Coordinator\OrganizationTest > can updatâ€¦  TypeError   
  Cannot assign null to property Tests\Feature\Coordinator\OrganizationTest::$token of type string

  at tests/Feature/Coordinator/OrganizationTest.php:26
     22â–•         $response = $this->postJson('/api/auth/login', [
     23â–•             'email' => $this->user->email,
     24â–•             'password' => 'password',
     25â–•         ]);
  âžœ  26â–•         $this->token = $response->json('token');
     27â–•     }
     28â–• 
     29â–•     public function test_can_list_organizations(): void
     30â–•     {

  1   tests/Feature/Coordinator/OrganizationTest.php:26

  â”€â”€â”€â”€â”€â”€â”€â”€â”€â”€â”€â”€â”€â”€â”€â”€â”€â”€â”€â”€â”€â”€â”€â”€â”€â”€â”€â”€â”€â”€â”€â”€â”€â”€â”€â”€â”€â”€â”€â”€â”€â”€â”€â”€â”€â”€â”€â”€â”€â”€â”€â”€â”€â”€â”€â”€â”€â”€â”€â”€â”€â”€â”€â”€â”€â”€â”€â”€â”€â”€â”€â”€â”€â”€â”€â”€  
   FAILED  Tests\Feature\Coordinator\OrganizationTest > cannot acâ€¦  TypeError   
  Cannot assign null to property Tests\Feature\Coordinator\OrganizationTest::$token of type string

  at tests/Feature/Coordinator/OrganizationTest.php:26
     22â–•         $response = $this->postJson('/api/auth/login', [
     23â–•             'email' => $this->user->email,
     24â–•             'password' => 'password',
     25â–•         ]);
  âžœ  26â–•         $this->token = $response->json('token');
     27â–•     }
     28â–• 
     29â–•     public function test_can_list_organizations(): void
     30â–•     {

  1   tests/Feature/Coordinator/OrganizationTest.php:26


  Tests:    30 failed, 54 passed (152 assertions)
  Duration: 1.48s

